<?xml version="1.0" encoding="UTF-8"?>
<testsuite name="TestSuite" time="268.003" tests="13" errors="0" skipped="10" failures="3">
  <properties>
[...]
</properties>
  <testcase name="setup" classname="com.inetbanking.testCases.TC_Logintest_001" time="104.295">
    <failure message="chrome not reachable&#10;Build info: version: &apos;3.141.59&apos;, revision: &apos;e82be7d358&apos;, time: &apos;2018-11-14T08:17:03&apos;&#10;System info: host: &apos;DESKTOP-SOL10J7&apos;, ip: &apos;192.168.1.18&apos;, os.name: &apos;Windows 10&apos;, os.arch: &apos;amd64&apos;, os.version: &apos;10.0&apos;, java.version: &apos;1.8.0_311&apos;&#10;Driver info: driver.version: ChromeDriver&#10;remote stacktrace: Backtrace:&#10;	Ordinal0 [0x00897413+2389011]&#10;	Ordinal0 [0x00829F61+1941345]&#10;	Ordinal0 [0x0071C520+836896]&#10;	Ordinal0 [0x007105AB+787883]&#10;	Ordinal0 [0x0073C128+966952]&#10;	Ordinal0 [0x0073837A+951162]&#10;	Ordinal0 [0x00735C51+941137]&#10;	Ordinal0 [0x00768C80+1150080]&#10;	Ordinal0 [0x007688DA+1149146]&#10;	Ordinal0 [0x00763F66+1130342]&#10;	Ordinal0 [0x0073E546+976198]&#10;	Ordinal0 [0x0073F456+980054]&#10;	GetHandleVerifier [0x00A49632+1727522]&#10;	GetHandleVerifier [0x00AFBA4D+2457661]&#10;	GetHandleVerifier [0x0092EB81+569713]&#10;	GetHandleVerifier [0x0092DD76+566118]&#10;	Ordinal0 [0x00830B2B+1968939]&#10;	Ordinal0 [0x00835988+1989000]&#10;	Ordinal0 [0x00835A75+1989237]&#10;	Ordinal0 [0x0083ECB1+2026673]&#10;	BaseThreadInitThunk [0x7763FA29+25]&#10;	RtlGetAppContainerNamedObjectPath [0x77E27A7E+286]&#10;	RtlGetAppContainerNamedObjectPath [0x77E27A4E+238]&#10;" type="org.openqa.selenium.WebDriverException"><![CDATA[org.openqa.selenium.WebDriverException: chrome not reachable
Build info: version: '3.141.59', revision: 'e82be7d358', time: '2018-11-14T08:17:03'
System info: host: 'DESKTOP-SOL10J7', ip: '192.168.1.18', os.name: 'Windows 10', os.arch: 'amd64', os.version: '10.0', java.version: '1.8.0_311'
Driver info: driver.version: ChromeDriver
remote stacktrace: Backtrace:
	Ordinal0 [0x00897413+2389011]
	Ordinal0 [0x00829F61+1941345]
	Ordinal0 [0x0071C520+836896]
	Ordinal0 [0x007105AB+787883]
	Ordinal0 [0x0073C128+966952]
	Ordinal0 [0x0073837A+951162]
	Ordinal0 [0x00735C51+941137]
	Ordinal0 [0x00768C80+1150080]
	Ordinal0 [0x007688DA+1149146]
	Ordinal0 [0x00763F66+1130342]
	Ordinal0 [0x0073E546+976198]
	Ordinal0 [0x0073F456+980054]
	GetHandleVerifier [0x00A49632+1727522]
	GetHandleVerifier [0x00AFBA4D+2457661]
	GetHandleVerifier [0x0092EB81+569713]
	GetHandleVerifier [0x0092DD76+566118]
	Ordinal0 [0x00830B2B+1968939]
	Ordinal0 [0x00835988+1989000]
	Ordinal0 [0x00835A75+1989237]
	Ordinal0 [0x0083ECB1+2026673]
	BaseThreadInitThunk [0x7763FA29+25]
	RtlGetAppContainerNamedObjectPath [0x77E27A7E+286]
	RtlGetAppContainerNamedObjectPath [0x77E27A4E+238]

	at sun.reflect.NativeConstructorAccessorImpl.newInstance0(Native Method)
	at sun.reflect.NativeConstructorAccessorImpl.newInstance(NativeConstructorAccessorImpl.java:62)
	at sun.reflect.DelegatingConstructorAccessorImpl.newInstance(DelegatingConstructorAccessorImpl.java:45)
	at java.lang.reflect.Constructor.newInstance(Constructor.java:423)
	at org.openqa.selenium.remote.W3CHandshakeResponse.lambda$errorHandler$0(W3CHandshakeResponse.java:62)
	at org.openqa.selenium.remote.HandshakeResponse.lambda$getResponseFunction$0(HandshakeResponse.java:30)
	at org.openqa.selenium.remote.ProtocolHandshake.lambda$createSession$0(ProtocolHandshake.java:126)
	at java.util.stream.ReferencePipeline$3$1.accept(ReferencePipeline.java:193)
	at java.util.Spliterators$ArraySpliterator.tryAdvance(Spliterators.java:958)
	at java.util.stream.ReferencePipeline.forEachWithCancel(ReferencePipeline.java:126)
	at java.util.stream.AbstractPipeline.copyIntoWithCancel(AbstractPipeline.java:499)
	at java.util.stream.AbstractPipeline.copyInto(AbstractPipeline.java:486)
	at java.util.stream.AbstractPipeline.wrapAndCopyInto(AbstractPipeline.java:472)
	at java.util.stream.FindOps$FindOp.evaluateSequential(FindOps.java:152)
	at java.util.stream.AbstractPipeline.evaluate(AbstractPipeline.java:234)
	at java.util.stream.ReferencePipeline.findFirst(ReferencePipeline.java:464)
	at org.openqa.selenium.remote.ProtocolHandshake.createSession(ProtocolHandshake.java:128)
	at org.openqa.selenium.remote.ProtocolHandshake.createSession(ProtocolHandshake.java:74)
	at org.openqa.selenium.remote.HttpCommandExecutor.execute(HttpCommandExecutor.java:136)
	at org.openqa.selenium.remote.service.DriverCommandExecutor.execute(DriverCommandExecutor.java:83)
	at org.openqa.selenium.remote.RemoteWebDriver.execute(RemoteWebDriver.java:552)
	at org.openqa.selenium.remote.RemoteWebDriver.startSession(RemoteWebDriver.java:213)
	at org.openqa.selenium.remote.RemoteWebDriver.<init>(RemoteWebDriver.java:131)
	at org.openqa.selenium.chrome.ChromeDriver.<init>(ChromeDriver.java:181)
	at org.openqa.selenium.chrome.ChromeDriver.<init>(ChromeDriver.java:168)
	at org.openqa.selenium.chrome.ChromeDriver.<init>(ChromeDriver.java:123)
	at com.inetbanking.testCases.BaseClass.setup(BaseClass.java:33)
	at sun.reflect.NativeMethodAccessorImpl.invoke0(Native Method)
	at sun.reflect.NativeMethodAccessorImpl.invoke(NativeMethodAccessorImpl.java:62)
	at sun.reflect.DelegatingMethodAccessorImpl.invoke(DelegatingMethodAccessorImpl.java:43)
	at java.lang.reflect.Method.invoke(Method.java:498)
	at org.testng.internal.MethodInvocationHelper.invokeMethod(MethodInvocationHelper.java:134)
	at org.testng.internal.MethodInvocationHelper.invokeMethodConsideringTimeout(MethodInvocationHelper.java:63)
	at org.testng.internal.ConfigInvoker.invokeConfigurationMethod(ConfigInvoker.java:348)
	at org.testng.internal.ConfigInvoker.invokeConfigurations(ConfigInvoker.java:302)
	at org.testng.internal.TestMethodWorker.invokeBeforeClassMethods(TestMethodWorker.java:176)
	at org.testng.internal.TestMethodWorker.run(TestMethodWorker.java:122)
	at java.util.ArrayList.forEach(ArrayList.java:1259)
	at org.testng.TestRunner.privateRun(TestRunner.java:766)
	at org.testng.TestRunner.run(TestRunner.java:587)
	at org.testng.SuiteRunner.runTest(SuiteRunner.java:384)
	at org.testng.SuiteRunner.runSequentially(SuiteRunner.java:378)
	at org.testng.SuiteRunner.privateRun(SuiteRunner.java:337)
	at org.testng.SuiteRunner.run(SuiteRunner.java:286)
	at org.testng.SuiteRunnerWorker.runSuite(SuiteRunnerWorker.java:53)
	at org.testng.SuiteRunnerWorker.run(SuiteRunnerWorker.java:96)
	at org.testng.TestNG.runSuitesSequentially(TestNG.java:1187)
	at org.testng.TestNG.runSuitesLocally(TestNG.java:1109)
	at org.testng.TestNG.runSuites(TestNG.java:1039)
	at org.testng.TestNG.run(TestNG.java:1007)
	at org.apache.maven.surefire.testng.TestNGExecutor.run(TestNGExecutor.java:295)
	at org.apache.maven.surefire.testng.TestNGXmlTestSuite.execute(TestNGXmlTestSuite.java:84)
	at org.apache.maven.surefire.testng.TestNGProvider.invoke(TestNGProvider.java:90)
	at org.apache.maven.surefire.booter.ForkedBooter.invokeProviderInSameClassLoader(ForkedBooter.java:203)
	at org.apache.maven.surefire.booter.ForkedBooter.runSuitesInProcess(ForkedBooter.java:155)
	at org.apache.maven.surefire.booter.ForkedBooter.main(ForkedBooter.java:103)
]]></failure>
    <system-err><![CDATA[Starting ChromeDriver 100.0.4896.60 (6a5d10861ce8de5fce22564658033b43cb7de047-refs/branch-heads/4896@{#875}) on port 23464
Only local connections are allowed.
Please see https://chromedriver.chromium.org/security-considerations for suggestions on keeping ChromeDriver safe.
ChromeDriver was started successfully.
]]></system-err>
  </testcase>
  <testcase name="LoginTest" classname="com.inetbanking.testCases.TC_Logintest_001" time="0">
    <skipped/>
  </testcase>
  <testcase name="teardown" classname="com.inetbanking.testCases.TC_Logintest_001" time="0">
    <skipped/>
  </testcase>
  <testcase name="setup" classname="com.inetbanking.testCases.TC_Logintest_002" time="89.454">
    <failure message="chrome not reachable&#10;Build info: version: &apos;3.141.59&apos;, revision: &apos;e82be7d358&apos;, time: &apos;2018-11-14T08:17:03&apos;&#10;System info: host: &apos;DESKTOP-SOL10J7&apos;, ip: &apos;192.168.1.18&apos;, os.name: &apos;Windows 10&apos;, os.arch: &apos;amd64&apos;, os.version: &apos;10.0&apos;, java.version: &apos;1.8.0_311&apos;&#10;Driver info: driver.version: ChromeDriver&#10;remote stacktrace: Backtrace:&#10;	Ordinal0 [0x00897413+2389011]&#10;	Ordinal0 [0x00829F61+1941345]&#10;	Ordinal0 [0x0071C520+836896]&#10;	Ordinal0 [0x007105AB+787883]&#10;	Ordinal0 [0x0073C128+966952]&#10;	Ordinal0 [0x0073837A+951162]&#10;	Ordinal0 [0x00735C51+941137]&#10;	Ordinal0 [0x00768C80+1150080]&#10;	Ordinal0 [0x007688DA+1149146]&#10;	Ordinal0 [0x00763F66+1130342]&#10;	Ordinal0 [0x0073E546+976198]&#10;	Ordinal0 [0x0073F456+980054]&#10;	GetHandleVerifier [0x00A49632+1727522]&#10;	GetHandleVerifier [0x00AFBA4D+2457661]&#10;	GetHandleVerifier [0x0092EB81+569713]&#10;	GetHandleVerifier [0x0092DD76+566118]&#10;	Ordinal0 [0x00830B2B+1968939]&#10;	Ordinal0 [0x00835988+1989000]&#10;	Ordinal0 [0x00835A75+1989237]&#10;	Ordinal0 [0x0083ECB1+2026673]&#10;	BaseThreadInitThunk [0x7763FA29+25]&#10;	RtlGetAppContainerNamedObjectPath [0x77E27A7E+286]&#10;	RtlGetAppContainerNamedObjectPath [0x77E27A4E+238]&#10;" type="org.openqa.selenium.WebDriverException"><![CDATA[org.openqa.selenium.WebDriverException: chrome not reachable
Build info: version: '3.141.59', revision: 'e82be7d358', time: '2018-11-14T08:17:03'
System info: host: 'DESKTOP-SOL10J7', ip: '192.168.1.18', os.name: 'Windows 10', os.arch: 'amd64', os.version: '10.0', java.version: '1.8.0_311'
Driver info: driver.version: ChromeDriver
remote stacktrace: Backtrace:
	Ordinal0 [0x00897413+2389011]
	Ordinal0 [0x00829F61+1941345]
	Ordinal0 [0x0071C520+836896]
	Ordinal0 [0x007105AB+787883]
	Ordinal0 [0x0073C128+966952]
	Ordinal0 [0x0073837A+951162]
	Ordinal0 [0x00735C51+941137]
	Ordinal0 [0x00768C80+1150080]
	Ordinal0 [0x007688DA+1149146]
	Ordinal0 [0x00763F66+1130342]
	Ordinal0 [0x0073E546+976198]
	Ordinal0 [0x0073F456+980054]
	GetHandleVerifier [0x00A49632+1727522]
	GetHandleVerifier [0x00AFBA4D+2457661]
	GetHandleVerifier [0x0092EB81+569713]
	GetHandleVerifier [0x0092DD76+566118]
	Ordinal0 [0x00830B2B+1968939]
	Ordinal0 [0x00835988+1989000]
	Ordinal0 [0x00835A75+1989237]
	Ordinal0 [0x0083ECB1+2026673]
	BaseThreadInitThunk [0x7763FA29+25]
	RtlGetAppContainerNamedObjectPath [0x77E27A7E+286]
	RtlGetAppContainerNamedObjectPath [0x77E27A4E+238]

	at sun.reflect.NativeConstructorAccessorImpl.newInstance0(Native Method)
	at sun.reflect.NativeConstructorAccessorImpl.newInstance(NativeConstructorAccessorImpl.java:62)
	at sun.reflect.DelegatingConstructorAccessorImpl.newInstance(DelegatingConstructorAccessorImpl.java:45)
	at java.lang.reflect.Constructor.newInstance(Constructor.java:423)
	at org.openqa.selenium.remote.W3CHandshakeResponse.lambda$errorHandler$0(W3CHandshakeResponse.java:62)
	at org.openqa.selenium.remote.HandshakeResponse.lambda$getResponseFunction$0(HandshakeResponse.java:30)
	at org.openqa.selenium.remote.ProtocolHandshake.lambda$createSession$0(ProtocolHandshake.java:126)
	at java.util.stream.ReferencePipeline$3$1.accept(ReferencePipeline.java:193)
	at java.util.Spliterators$ArraySpliterator.tryAdvance(Spliterators.java:958)
	at java.util.stream.ReferencePipeline.forEachWithCancel(ReferencePipeline.java:126)
	at java.util.stream.AbstractPipeline.copyIntoWithCancel(AbstractPipeline.java:499)
	at java.util.stream.AbstractPipeline.copyInto(AbstractPipeline.java:486)
	at java.util.stream.AbstractPipeline.wrapAndCopyInto(AbstractPipeline.java:472)
	at java.util.stream.FindOps$FindOp.evaluateSequential(FindOps.java:152)
	at java.util.stream.AbstractPipeline.evaluate(AbstractPipeline.java:234)
	at java.util.stream.ReferencePipeline.findFirst(ReferencePipeline.java:464)
	at org.openqa.selenium.remote.ProtocolHandshake.createSession(ProtocolHandshake.java:128)
	at org.openqa.selenium.remote.ProtocolHandshake.createSession(ProtocolHandshake.java:74)
	at org.openqa.selenium.remote.HttpCommandExecutor.execute(HttpCommandExecutor.java:136)
	at org.openqa.selenium.remote.service.DriverCommandExecutor.execute(DriverCommandExecutor.java:83)
	at org.openqa.selenium.remote.RemoteWebDriver.execute(RemoteWebDriver.java:552)
	at org.openqa.selenium.remote.RemoteWebDriver.startSession(RemoteWebDriver.java:213)
	at org.openqa.selenium.remote.RemoteWebDriver.<init>(RemoteWebDriver.java:131)
	at org.openqa.selenium.chrome.ChromeDriver.<init>(ChromeDriver.java:181)
	at org.openqa.selenium.chrome.ChromeDriver.<init>(ChromeDriver.java:168)
	at org.openqa.selenium.chrome.ChromeDriver.<init>(ChromeDriver.java:123)
	at com.inetbanking.testCases.BaseClass.setup(BaseClass.java:33)
	at sun.reflect.NativeMethodAccessorImpl.invoke0(Native Method)
	at sun.reflect.NativeMethodAccessorImpl.invoke(NativeMethodAccessorImpl.java:62)
	at sun.reflect.DelegatingMethodAccessorImpl.invoke(DelegatingMethodAccessorImpl.java:43)
	at java.lang.reflect.Method.invoke(Method.java:498)
	at org.testng.internal.MethodInvocationHelper.invokeMethod(MethodInvocationHelper.java:134)
	at org.testng.internal.MethodInvocationHelper.invokeMethodConsideringTimeout(MethodInvocationHelper.java:63)
	at org.testng.internal.ConfigInvoker.invokeConfigurationMethod(ConfigInvoker.java:348)
	at org.testng.internal.ConfigInvoker.invokeConfigurations(ConfigInvoker.java:302)
	at org.testng.internal.TestMethodWorker.invokeBeforeClassMethods(TestMethodWorker.java:176)
	at org.testng.internal.TestMethodWorker.run(TestMethodWorker.java:122)
	at java.util.ArrayList.forEach(ArrayList.java:1259)
	at org.testng.TestRunner.privateRun(TestRunner.java:766)
	at org.testng.TestRunner.run(TestRunner.java:587)
	at org.testng.SuiteRunner.runTest(SuiteRunner.java:384)
	at org.testng.SuiteRunner.runSequentially(SuiteRunner.java:378)
	at org.testng.SuiteRunner.privateRun(SuiteRunner.java:337)
	at org.testng.SuiteRunner.run(SuiteRunner.java:286)
	at org.testng.SuiteRunnerWorker.runSuite(SuiteRunnerWorker.java:53)
	at org.testng.SuiteRunnerWorker.run(SuiteRunnerWorker.java:96)
	at org.testng.TestNG.runSuitesSequentially(TestNG.java:1187)
	at org.testng.TestNG.runSuitesLocally(TestNG.java:1109)
	at org.testng.TestNG.runSuites(TestNG.java:1039)
	at org.testng.TestNG.run(TestNG.java:1007)
	at org.apache.maven.surefire.testng.TestNGExecutor.run(TestNGExecutor.java:295)
	at org.apache.maven.surefire.testng.TestNGXmlTestSuite.execute(TestNGXmlTestSuite.java:84)
	at org.apache.maven.surefire.testng.TestNGProvider.invoke(TestNGProvider.java:90)
	at org.apache.maven.surefire.booter.ForkedBooter.invokeProviderInSameClassLoader(ForkedBooter.java:203)
	at org.apache.maven.surefire.booter.ForkedBooter.runSuitesInProcess(ForkedBooter.java:155)
	at org.apache.maven.surefire.booter.ForkedBooter.main(ForkedBooter.java:103)
]]></failure>
    <system-err><![CDATA[Starting ChromeDriver 100.0.4896.60 (6a5d10861ce8de5fce22564658033b43cb7de047-refs/branch-heads/4896@{#875}) on port 48973
Only local connections are allowed.
Please see https://chromedriver.chromium.org/security-considerations for suggestions on keeping ChromeDriver safe.
ChromeDriver was started successfully.
]]></system-err>
  </testcase>
  <testcase name="loginDDT" classname="com.inetbanking.testCases.TC_Logintest_002" time="0">
    <skipped/>
  </testcase>
  <testcase name="loginDDT" classname="com.inetbanking.testCases.TC_Logintest_002" time="0">
    <skipped/>
  </testcase>
  <testcase name="loginDDT" classname="com.inetbanking.testCases.TC_Logintest_002" time="0">
    <skipped/>
  </testcase>
  <testcase name="loginDDT" classname="com.inetbanking.testCases.TC_Logintest_002" time="0">
    <skipped/>
  </testcase>
  <testcase name="loginDDT" classname="com.inetbanking.testCases.TC_Logintest_002" time="0">
    <skipped/>
  </testcase>
  <testcase name="teardown" classname="com.inetbanking.testCases.TC_Logintest_002" time="0">
    <skipped/>
  </testcase>
  <testcase name="setup" classname="com.inetbanking.testCases.TC_AddCustemerTest_003" time="74.254">
    <failure message="chrome not reachable&#10;Build info: version: &apos;3.141.59&apos;, revision: &apos;e82be7d358&apos;, time: &apos;2018-11-14T08:17:03&apos;&#10;System info: host: &apos;DESKTOP-SOL10J7&apos;, ip: &apos;192.168.1.18&apos;, os.name: &apos;Windows 10&apos;, os.arch: &apos;amd64&apos;, os.version: &apos;10.0&apos;, java.version: &apos;1.8.0_311&apos;&#10;Driver info: driver.version: ChromeDriver&#10;remote stacktrace: Backtrace:&#10;	Ordinal0 [0x00897413+2389011]&#10;	Ordinal0 [0x00829F61+1941345]&#10;	Ordinal0 [0x0071C520+836896]&#10;	Ordinal0 [0x007105AB+787883]&#10;	Ordinal0 [0x0073C128+966952]&#10;	Ordinal0 [0x0073837A+951162]&#10;	Ordinal0 [0x00735C51+941137]&#10;	Ordinal0 [0x00768C80+1150080]&#10;	Ordinal0 [0x007688DA+1149146]&#10;	Ordinal0 [0x00763F66+1130342]&#10;	Ordinal0 [0x0073E546+976198]&#10;	Ordinal0 [0x0073F456+980054]&#10;	GetHandleVerifier [0x00A49632+1727522]&#10;	GetHandleVerifier [0x00AFBA4D+2457661]&#10;	GetHandleVerifier [0x0092EB81+569713]&#10;	GetHandleVerifier [0x0092DD76+566118]&#10;	Ordinal0 [0x00830B2B+1968939]&#10;	Ordinal0 [0x00835988+1989000]&#10;	Ordinal0 [0x00835A75+1989237]&#10;	Ordinal0 [0x0083ECB1+2026673]&#10;	BaseThreadInitThunk [0x7763FA29+25]&#10;	RtlGetAppContainerNamedObjectPath [0x77E27A7E+286]&#10;	RtlGetAppContainerNamedObjectPath [0x77E27A4E+238]&#10;" type="org.openqa.selenium.WebDriverException"><![CDATA[org.openqa.selenium.WebDriverException: chrome not reachable
Build info: version: '3.141.59', revision: 'e82be7d358', time: '2018-11-14T08:17:03'
System info: host: 'DESKTOP-SOL10J7', ip: '192.168.1.18', os.name: 'Windows 10', os.arch: 'amd64', os.version: '10.0', java.version: '1.8.0_311'
Driver info: driver.version: ChromeDriver
remote stacktrace: Backtrace:
	Ordinal0 [0x00897413+2389011]
	Ordinal0 [0x00829F61+1941345]
	Ordinal0 [0x0071C520+836896]
	Ordinal0 [0x007105AB+787883]
	Ordinal0 [0x0073C128+966952]
	Ordinal0 [0x0073837A+951162]
	Ordinal0 [0x00735C51+941137]
	Ordinal0 [0x00768C80+1150080]
	Ordinal0 [0x007688DA+1149146]
	Ordinal0 [0x00763F66+1130342]
	Ordinal0 [0x0073E546+976198]
	Ordinal0 [0x0073F456+980054]
	GetHandleVerifier [0x00A49632+1727522]
	GetHandleVerifier [0x00AFBA4D+2457661]
	GetHandleVerifier [0x0092EB81+569713]
	GetHandleVerifier [0x0092DD76+566118]
	Ordinal0 [0x00830B2B+1968939]
	Ordinal0 [0x00835988+1989000]
	Ordinal0 [0x00835A75+1989237]
	Ordinal0 [0x0083ECB1+2026673]
	BaseThreadInitThunk [0x7763FA29+25]
	RtlGetAppContainerNamedObjectPath [0x77E27A7E+286]
	RtlGetAppContainerNamedObjectPath [0x77E27A4E+238]

	at sun.reflect.NativeConstructorAccessorImpl.newInstance0(Native Method)
	at sun.reflect.NativeConstructorAccessorImpl.newInstance(NativeConstructorAccessorImpl.java:62)
	at sun.reflect.DelegatingConstructorAccessorImpl.newInstance(DelegatingConstructorAccessorImpl.java:45)
	at java.lang.reflect.Constructor.newInstance(Constructor.java:423)
	at org.openqa.selenium.remote.W3CHandshakeResponse.lambda$errorHandler$0(W3CHandshakeResponse.java:62)
	at org.openqa.selenium.remote.HandshakeResponse.lambda$getResponseFunction$0(HandshakeResponse.java:30)
	at org.openqa.selenium.remote.ProtocolHandshake.lambda$createSession$0(ProtocolHandshake.java:126)
	at java.util.stream.ReferencePipeline$3$1.accept(ReferencePipeline.java:193)
	at java.util.Spliterators$ArraySpliterator.tryAdvance(Spliterators.java:958)
	at java.util.stream.ReferencePipeline.forEachWithCancel(ReferencePipeline.java:126)
	at java.util.stream.AbstractPipeline.copyIntoWithCancel(AbstractPipeline.java:499)
	at java.util.stream.AbstractPipeline.copyInto(AbstractPipeline.java:486)
	at java.util.stream.AbstractPipeline.wrapAndCopyInto(AbstractPipeline.java:472)
	at java.util.stream.FindOps$FindOp.evaluateSequential(FindOps.java:152)
	at java.util.stream.AbstractPipeline.evaluate(AbstractPipeline.java:234)
	at java.util.stream.ReferencePipeline.findFirst(ReferencePipeline.java:464)
	at org.openqa.selenium.remote.ProtocolHandshake.createSession(ProtocolHandshake.java:128)
	at org.openqa.selenium.remote.ProtocolHandshake.createSession(ProtocolHandshake.java:74)
	at org.openqa.selenium.remote.HttpCommandExecutor.execute(HttpCommandExecutor.java:136)
	at org.openqa.selenium.remote.service.DriverCommandExecutor.execute(DriverCommandExecutor.java:83)
	at org.openqa.selenium.remote.RemoteWebDriver.execute(RemoteWebDriver.java:552)
	at org.openqa.selenium.remote.RemoteWebDriver.startSession(RemoteWebDriver.java:213)
	at org.openqa.selenium.remote.RemoteWebDriver.<init>(RemoteWebDriver.java:131)
	at org.openqa.selenium.chrome.ChromeDriver.<init>(ChromeDriver.java:181)
	at org.openqa.selenium.chrome.ChromeDriver.<init>(ChromeDriver.java:168)
	at org.openqa.selenium.chrome.ChromeDriver.<init>(ChromeDriver.java:123)
	at com.inetbanking.testCases.BaseClass.setup(BaseClass.java:33)
	at sun.reflect.NativeMethodAccessorImpl.invoke0(Native Method)
	at sun.reflect.NativeMethodAccessorImpl.invoke(NativeMethodAccessorImpl.java:62)
	at sun.reflect.DelegatingMethodAccessorImpl.invoke(DelegatingMethodAccessorImpl.java:43)
	at java.lang.reflect.Method.invoke(Method.java:498)
	at org.testng.internal.MethodInvocationHelper.invokeMethod(MethodInvocationHelper.java:134)
	at org.testng.internal.MethodInvocationHelper.invokeMethodConsideringTimeout(MethodInvocationHelper.java:63)
	at org.testng.internal.ConfigInvoker.invokeConfigurationMethod(ConfigInvoker.java:348)
	at org.testng.internal.ConfigInvoker.invokeConfigurations(ConfigInvoker.java:302)
	at org.testng.internal.TestMethodWorker.invokeBeforeClassMethods(TestMethodWorker.java:176)
	at org.testng.internal.TestMethodWorker.run(TestMethodWorker.java:122)
	at java.util.ArrayList.forEach(ArrayList.java:1259)
	at org.testng.TestRunner.privateRun(TestRunner.java:766)
	at org.testng.TestRunner.run(TestRunner.java:587)
	at org.testng.SuiteRunner.runTest(SuiteRunner.java:384)
	at org.testng.SuiteRunner.runSequentially(SuiteRunner.java:378)
	at org.testng.SuiteRunner.privateRun(SuiteRunner.java:337)
	at org.testng.SuiteRunner.run(SuiteRunner.java:286)
	at org.testng.SuiteRunnerWorker.runSuite(SuiteRunnerWorker.java:53)
	at org.testng.SuiteRunnerWorker.run(SuiteRunnerWorker.java:96)
	at org.testng.TestNG.runSuitesSequentially(TestNG.java:1187)
	at org.testng.TestNG.runSuitesLocally(TestNG.java:1109)
	at org.testng.TestNG.runSuites(TestNG.java:1039)
	at org.testng.TestNG.run(TestNG.java:1007)
	at org.apache.maven.surefire.testng.TestNGExecutor.run(TestNGExecutor.java:295)
	at org.apache.maven.surefire.testng.TestNGXmlTestSuite.execute(TestNGXmlTestSuite.java:84)
	at org.apache.maven.surefire.testng.TestNGProvider.invoke(TestNGProvider.java:90)
	at org.apache.maven.surefire.booter.ForkedBooter.invokeProviderInSameClassLoader(ForkedBooter.java:203)
	at org.apache.maven.surefire.booter.ForkedBooter.runSuitesInProcess(ForkedBooter.java:155)
	at org.apache.maven.surefire.booter.ForkedBooter.main(ForkedBooter.java:103)
]]></failure>
    <system-err><![CDATA[Starting ChromeDriver 100.0.4896.60 (6a5d10861ce8de5fce22564658033b43cb7de047-refs/branch-heads/4896@{#875}) on port 8042
Only local connections are allowed.
Please see https://chromedriver.chromium.org/security-considerations for suggestions on keeping ChromeDriver safe.
ChromeDriver was started successfully.
]]></system-err>
  </testcase>
  <testcase name="addNewCustemer" classname="com.inetbanking.testCases.TC_AddCustemerTest_003" time="0">
    <skipped/>
  </testcase>
  <testcase name="teardown" classname="com.inetbanking.testCases.TC_AddCustemerTest_003" time="0">
    <skipped/>
  </testcase>
</testsuite>